[debug] [2021-08-26T15:21:45.001Z] ----------------------------------------------------------------------
[debug] [2021-08-26T15:21:45.002Z] Command:       /usr/local/bin/firebase /Users/manishkumar/.cache/firebase/tools/lib/node_modules/firebase-tools/lib/bin/firebase init
[debug] [2021-08-26T15:21:45.003Z] CLI Version:   9.16.0
[debug] [2021-08-26T15:21:45.003Z] Platform:      darwin
[debug] [2021-08-26T15:21:45.003Z] Node Version:  v12.18.1
[debug] [2021-08-26T15:21:45.004Z] Time:          Thu Aug 26 2021 11:21:45 GMT-0400 (Eastern Daylight Time)
[debug] [2021-08-26T15:21:45.004Z] ----------------------------------------------------------------------
[debug] 
[debug] [2021-08-26T15:21:45.013Z] >>> [apiv2][query] GET https://firebase-public.firebaseio.com/cli.json [none]
[debug] [2021-08-26T15:21:45.027Z] > command requires scopes: ["email","openid","https://www.googleapis.com/auth/cloudplatformprojects.readonly","https://www.googleapis.com/auth/firebase","https://www.googleapis.com/auth/cloud-platform"]
[debug] [2021-08-26T15:21:45.027Z] > authorizing via signed-in user (mkumar131446@gmail.com)
[info] 
     ######## #### ########  ######## ########     ###     ######  ########
     ##        ##  ##     ## ##       ##     ##  ##   ##  ##       ##
     ######    ##  ########  ######   ########  #########  ######  ######
     ##        ##  ##    ##  ##       ##     ## ##     ##       ## ##
     ##       #### ##     ## ######## ########  ##     ##  ######  ########

You're about to initialize a Firebase project in this directory:

  /Users/manishkumar/Desktop/PROJECTS/practice/my_profile_resume/profile

[debug] [2021-08-26T15:21:45.564Z] <<< [apiv2][status] GET https://firebase-public.firebaseio.com/cli.json 200
[debug] [2021-08-26T15:21:45.564Z] <<< [apiv2][body] GET https://firebase-public.firebaseio.com/cli.json {"cloudBuildErrorAfter":1594252800000,"cloudBuildWarnAfter":1590019200000,"defaultNode10After":1594252800000,"minVersion":"3.0.5","node8DeploysDisabledAfter":1613390400000,"node8RuntimeDisabledAfter":1615809600000,"node8WarnAfter":1600128000000}
[info] 
=== Project Setup
[info] 
[info] First, let's associate this project directory with a Firebase project.
[info] You can create multiple project aliases by running firebase use --add, 
[info] but for now we'll just set up a default project.
[info] 
[debug] [2021-08-26T15:22:10.152Z] > refreshing access token with scopes: []
[debug] [2021-08-26T15:22:10.152Z] >>> HTTP REQUEST POST https://www.googleapis.com/oauth2/v3/token  
 <request body omitted>
[debug] [2021-08-26T15:22:10.249Z] <<< HTTP RESPONSE 200 {"pragma":"no-cache","expires":"Mon, 01 Jan 1990 00:00:00 GMT","cache-control":"no-cache, no-store, max-age=0, must-revalidate","date":"Thu, 26 Aug 2021 15:22:10 GMT","content-type":"application/json; charset=utf-8","vary":"X-Origin, Referer, Origin,Accept-Encoding","server":"scaffolding on HTTPServer2","x-xss-protection":"0","x-frame-options":"SAMEORIGIN","x-content-type-options":"nosniff","alt-svc":"h3=\":443\"; ma=2592000,h3-29=\":443\"; ma=2592000,h3-T051=\":443\"; ma=2592000,h3-Q050=\":443\"; ma=2592000,h3-Q046=\":443\"; ma=2592000,h3-Q043=\":443\"; ma=2592000,quic=\":443\"; ma=2592000; v=\"46,43\"","accept-ranges":"none","transfer-encoding":"chunked"}
[debug] [2021-08-26T15:22:10.281Z] >>> [apiv2][query] GET https://firebase.googleapis.com/v1beta1/projects pageSize=100
[debug] [2021-08-26T15:22:10.581Z] <<< [apiv2][status] GET https://firebase.googleapis.com/v1beta1/projects 200
[debug] [2021-08-26T15:22:10.581Z] <<< [apiv2][body] GET https://firebase.googleapis.com/v1beta1/projects [omitted]
[info] i  Using project manishprofile-a37d6 (manishProfile) 
[info] 
=== Hosting Setup
[info] 
[info] Your public directory is the folder (relative to your project directory) that
[info] will contain Hosting assets to be uploaded with firebase deploy. If you
[info] have a build process for your assets, use your build's output directory.
[info] 
[info] ✔  Wrote dist/profile/404.html 
[debug] [2021-08-26T15:23:07.023Z] >>> [apiv2][query] GET https://www.gstatic.com/firebasejs/releases.json [none]
[debug] [2021-08-26T15:23:07.205Z] <<< [apiv2][status] GET https://www.gstatic.com/firebasejs/releases.json 200
[debug] [2021-08-26T15:23:07.205Z] <<< [apiv2][body] GET https://www.gstatic.com/firebasejs/releases.json {"current":{"version":"9.0.0","browserURLCompat":"https://www.gstatic.com/firebasejs/9.0.0/firebase-compat.js","packageURL":"https://www.gstatic.com/firebasejs/9.0.0/firebase.tgz"},"live":{"version":"9.0","browserURLCompat":"https://www.gstatic.com/firebasejs/live/9.0/firebase-compat.js","packageURL":"https://www.gstatic.com/firebasejs/live/9.0/firebase.tgz"},"components":{"analytics":"https://www.gstatic.com/firebasejs/9.0.0/firebase-analytics.js","app":"https://www.gstatic.com/firebasejs/9.0.0/firebase-app.js","app-check":"https://www.gstatic.com/firebasejs/9.0.0/firebase-app-check.js","auth":"https://www.gstatic.com/firebasejs/9.0.0/firebase-auth.js","functions":"https://www.gstatic.com/firebasejs/9.0.0/firebase-functions.js","firestore":"https://www.gstatic.com/firebasejs/9.0.0/firebase-firestore.js","storage":"https://www.gstatic.com/firebasejs/9.0.0/firebase-storage.js","performance":"https://www.gstatic.com/firebasejs/9.0.0/firebase-performance.js","remote-config":"https://www.gstatic.com/firebasejs/9.0.0/firebase-remote-config.js","messaging":"https://www.gstatic.com/firebasejs/9.0.0/firebase-messaging.js","database":"https://www.gstatic.com/firebasejs/9.0.0/firebase-database.js","app-compat":"https://www.gstatic.com/firebasejs/9.0.0/firebase-app-compat.js","analytics-compat":"https://www.gstatic.com/firebasejs/9.0.0/firebase-analytics-compat.js","app-check-compat":"https://www.gstatic.com/firebasejs/9.0.0/firebase-app-check-compat.js","auth-compat":"https://www.gstatic.com/firebasejs/9.0.0/firebase-auth-compat.js","functions-compat":"https://www.gstatic.com/firebasejs/9.0.0/firebase-functions-compat.js","messaging-compat":"https://www.gstatic.com/firebasejs/9.0.0/firebase-messaging-compat.js","performance-compat":"https://www.gstatic.com/firebasejs/9.0.0/firebase-performance-compat.js","remote-config-compat":"https://www.gstatic.com/firebasejs/9.0.0/firebase-remote-config-compat.js","firestore-compat":"https://www.gstatic.com/firebasejs/9.0.0/firebase-firestore-compat.js","storage-compat":"https://www.gstatic.com/firebasejs/9.0.0/firebase-storage-compat.js","database-compat":"https://www.gstatic.com/firebasejs/9.0.0/firebase-database-compat.js","firestore-lite":"https://www.gstatic.com/firebasejs/9.0.0/firebase-firestore-lite.js","messaging-sw":"https://www.gstatic.com/firebasejs/9.0.0/firebase-messaging-sw.js","auth-cordova":"https://www.gstatic.com/firebasejs/9.0.0/firebase-auth-cordova.js","auth-react-native":"https://www.gstatic.com/firebasejs/9.0.0/firebase-auth-react-native.js","performance-standalone":"https://www.gstatic.com/firebasejs/9.0.0/firebase-performance-standalone.js","performance-standalone-compat":"https://www.gstatic.com/firebasejs/9.0.0/firebase-performance-standalone-compat.js"}}
[info] i  Skipping write of dist/profile/index.html 
[info] 
[info] i  Didn't detect a .git folder. Assuming /Users/manishkumar/Desktop/PROJECTS/practice/my_profile_resume/profile is the project root. 
[info] i  Authorizing with GitHub to upload your service account to a GitHub repository's secrets store. 
[info] 
[info] Visit this URL on this device to log in:
[info] https://github.com/login/oauth/authorize?client_id=89cf50f02ac6aaed3484&state=925412912&redirect_uri=http%3A%2F%2Flocalhost%3A9005&scope=read%3Auser%20repo%20public_repo
[info] 
[info] Waiting for authentication...
[debug] [2021-08-26T15:23:42.692Z] >>> HTTP REQUEST POST https://github.com/login/oauth/access_token  
 {"client_id":"89cf50f02ac6aaed3484","client_secret":"3330d14abc895d9a74d5f17cd7a00711fa2c5bf0","code":"9b26fed74a5ad379fafa","redirect_uri":"http://localhost:9005","state":"925412912"}
[debug] [2021-08-26T15:23:42.804Z] <<< HTTP RESPONSE 200 {"server":"GitHub.com","date":"Thu, 26 Aug 2021 15:23:42 GMT","content-type":"application/json; charset=utf-8","transfer-encoding":"chunked","vary":"X-PJAX, X-PJAX-Container, Accept-Encoding, Accept, X-Requested-With","permissions-policy":"interest-cohort=()","etag":"W/\"2bfac8e7499f1c38c63adb301086b631\"","cache-control":"max-age=0, private, must-revalidate","strict-transport-security":"max-age=31536000; includeSubdomains; preload","x-frame-options":"deny","x-content-type-options":"nosniff","x-xss-protection":"0","referrer-policy":"origin-when-cross-origin, strict-origin-when-cross-origin","expect-ct":"max-age=2592000, report-uri=\"https://api.github.com/_private/browser/errors\"","content-security-policy":"default-src 'none'; base-uri 'self'; block-all-mixed-content; connect-src 'self' uploads.github.com www.githubstatus.com collector.githubapp.com api.github.com github-cloud.s3.amazonaws.com github-production-repository-file-5c1aeb.s3.amazonaws.com github-production-upload-manifest-file-7fdce7.s3.amazonaws.com github-production-user-asset-6210df.s3.amazonaws.com cdn.optimizely.com logx.optimizely.com/v1/events translator.github.com wss://alive.github.com; font-src github.githubassets.com; form-action 'self' github.com gist.github.com; frame-ancestors 'none'; frame-src render.githubusercontent.com viewscreen.githubusercontent.com; img-src 'self' data: github.githubassets.com identicons.github.com collector.githubapp.com github-cloud.s3.amazonaws.com secured-user-images.githubusercontent.com/ *.githubusercontent.com; manifest-src 'self'; media-src 'none'; script-src github.githubassets.com; style-src 'unsafe-inline' github.githubassets.com; worker-src github.com/socket-worker-b05e50fc.js gist.github.com/socket-worker-b05e50fc.js","x-github-request-id":"DADA:33D0:F0EDA7:17E4612:6127B1FE"}
[debug] [2021-08-26T15:23:42.821Z] >>> [apiv2][query] GET https://api.github.com/user [none]
[debug] [2021-08-26T15:23:43.008Z] <<< [apiv2][status] GET https://api.github.com/user 200
[debug] [2021-08-26T15:23:43.009Z] <<< [apiv2][body] GET https://api.github.com/user {"login":"mkumar131446","id":46491810,"node_id":"MDQ6VXNlcjQ2NDkxODEw","avatar_url":"https://avatars.githubusercontent.com/u/46491810?v=4","gravatar_id":"","url":"https://api.github.com/users/mkumar131446","html_url":"https://github.com/mkumar131446","followers_url":"https://api.github.com/users/mkumar131446/followers","following_url":"https://api.github.com/users/mkumar131446/following{/other_user}","gists_url":"https://api.github.com/users/mkumar131446/gists{/gist_id}","starred_url":"https://api.github.com/users/mkumar131446/starred{/owner}{/repo}","subscriptions_url":"https://api.github.com/users/mkumar131446/subscriptions","organizations_url":"https://api.github.com/users/mkumar131446/orgs","repos_url":"https://api.github.com/users/mkumar131446/repos","events_url":"https://api.github.com/users/mkumar131446/events{/privacy}","received_events_url":"https://api.github.com/users/mkumar131446/received_events","type":"User","site_admin":false,"name":"Manish Kumar","company":null,"blog":"","location":null,"email":null,"hireable":null,"bio":null,"twitter_username":null,"public_repos":4,"public_gists":0,"followers":0,"following":1,"created_at":"2019-01-08T14:54:37Z","updated_at":"2021-08-16T16:54:46Z","private_gists":0,"total_private_repos":11,"owned_private_repos":11,"disk_usage":346073,"collaborators":2,"two_factor_authentication":true,"plan":{"name":"free","space":976562499,"collaborators":0,"private_repos":10000}}
[info] 
[info] ✔  Success! Logged into GitHub as mkumar131446 
[info] 
[debug] [2021-08-26T15:23:56.902Z] >>> [apiv2][query] GET https://api.github.com/repos//actions/secrets/public-key type=owner
[debug] [2021-08-26T15:23:56.991Z] <<< [apiv2][status] GET https://api.github.com/repos//actions/secrets/public-key 404
[debug] [2021-08-26T15:23:56.991Z] <<< [apiv2][body] GET https://api.github.com/repos//actions/secrets/public-key {"message":"Not Found","documentation_url":"https://docs.github.com/rest"}
[debug] [2021-08-26T15:23:59.274Z] >>> [apiv2][query] GET https://api.github.com/repos/n/actions/secrets/public-key type=owner
[debug] [2021-08-26T15:23:59.364Z] <<< [apiv2][status] GET https://api.github.com/repos/n/actions/secrets/public-key 404
[debug] [2021-08-26T15:23:59.364Z] <<< [apiv2][body] GET https://api.github.com/repos/n/actions/secrets/public-key {"message":"Not Found","documentation_url":"https://docs.github.com/rest"}
